2024-11-24 11:17:18 MainThread:31340 [server] INFO [D:\Desktop\学习\python\server\core\views.py:58] 【anlong】进入了聊天室
2024-11-24 11:19:08 MainThread:31340 [server] INFO [D:\Desktop\学习\python\server\core\views.py:58] 【xiaofei】进入了聊天室
2024-11-24 11:19:22 MainThread:31340 [server] INFO [D:\Desktop\学习\python\server\core\views.py:118] xiaofei说：你好
2024-11-24 11:19:26 MainThread:31340 [server] INFO [D:\Desktop\学习\python\server\core\views.py:118] xiaofei说：你好啊
2024-11-24 11:19:38 MainThread:31340 [server] INFO [D:\Desktop\学习\python\server\lib\common.py:334] 【xiaofei】离开了聊天室
2024-11-24 11:19:39 MainThread:31340 [server] INFO [D:\Desktop\学习\python\server\lib\common.py:334] 【anlong】离开了聊天室
2024-11-24 11:33:22 MainThread:31340 [server] INFO [D:\Desktop\学习\python\server\core\views.py:58] 【anlong】进入了聊天室
2024-11-24 11:33:23 MainThread:31340 [server] INFO [D:\Desktop\学习\python\server\lib\common.py:334] 【anlong】离开了聊天室
2024-11-24 11:33:23 MainThread:31340 [server] INFO [D:\Desktop\学习\python\server\core\views.py:94] 【anlong】进入了聊天室
2024-11-24 11:33:23 MainThread:31340 [server] INFO [D:\Desktop\学习\python\server\lib\common.py:334] 【anlong】离开了聊天室
2024-11-24 11:36:03 MainThread:39560 [server] INFO [D:\Desktop\学习\python\server\core\views.py:58] 【anlong】进入了聊天室
2024-11-24 11:36:16 MainThread:39560 [server] INFO [D:\Desktop\学习\python\server\core\views.py:58] 【xiaofei】进入了聊天室
2024-11-24 11:36:36 MainThread:39560 [server] INFO [D:\Desktop\学习\python\server\core\views.py:139] xiaofei发了文件：recss.txt
2024-11-24 11:36:44 MainThread:39560 [server] INFO [D:\Desktop\学习\python\server\core\views.py:139] xiaofei发了文件：1.txt
2024-11-24 11:37:09 MainThread:39560 [server] INFO [D:\Desktop\学习\python\server\core\views.py:139] xiaofei发了文件：Snipaste_2024-11-24_11-36-58.png
2024-11-24 11:38:17 MainThread:39560 [server] INFO [D:\Desktop\学习\python\server\core\views.py:139] xiaofei发了文件：recss.txt
2024-11-24 11:38:44 MainThread:39560 [server] INFO [D:\Desktop\学习\python\server\lib\common.py:334] 【anlong】离开了聊天室
2024-11-24 11:38:44 MainThread:39560 [server] INFO [D:\Desktop\学习\python\server\core\views.py:94] 【anlong】进入了聊天室
2024-11-24 11:38:45 MainThread:39560 [server] INFO [D:\Desktop\学习\python\server\lib\common.py:334] 【anlong】离开了聊天室
2024-11-24 11:38:54 MainThread:39560 [server] INFO [D:\Desktop\学习\python\server\lib\common.py:334] 【xiaofei】离开了聊天室
2024-11-24 11:38:54 MainThread:39560 [server] INFO [D:\Desktop\学习\python\server\core\views.py:94] 【xiaofei】进入了聊天室
2024-11-24 11:38:54 MainThread:39560 [server] INFO [D:\Desktop\学习\python\server\lib\common.py:334] 【xiaofei】离开了聊天室
2024-11-24 11:43:41 MainThread:39560 [server] INFO [D:\Desktop\学习\python\server\core\views.py:58] 【anlong】进入了聊天室
2024-11-24 11:43:44 MainThread:39560 [server] INFO [D:\Desktop\学习\python\server\lib\common.py:334] 【anlong】离开了聊天室
2024-11-24 11:43:44 MainThread:39560 [server] INFO [D:\Desktop\学习\python\server\core\views.py:94] 【anlong】进入了聊天室
2024-11-24 11:43:44 MainThread:39560 [server] INFO [D:\Desktop\学习\python\server\lib\common.py:334] 【anlong】离开了聊天室
2024-12-30 17:07:18 MainThread:32488 [server] INFO [D:\Desktop\学习\python\server\core\views.py:58] 【anlong】进入了聊天室
2024-12-30 17:07:47 MainThread:22728 [server] INFO [D:\Desktop\学习\python\server\core\views.py:58] 【fei】进入了聊天室
2024-12-30 17:08:10 MainThread:22728 [server] INFO [D:\Desktop\学习\python\server\core\views.py:118] fei说：你好
2024-12-30 17:08:27 MainThread:32488 [server] INFO [D:\Desktop\学习\python\server\lib\common.py:349] 【anlong】离开了聊天室
2024-12-30 17:08:27 MainThread:32488 [server] INFO [D:\Desktop\学习\python\server\core\views.py:94] 【anlong】进入了聊天室
2024-12-30 17:08:27 MainThread:32488 [server] INFO [D:\Desktop\学习\python\server\lib\common.py:349] 【anlong】离开了聊天室
2024-12-30 17:08:33 MainThread:22728 [server] INFO [D:\Desktop\学习\python\server\lib\common.py:349] 【fei】离开了聊天室
2024-12-30 17:08:33 MainThread:22728 [server] INFO [D:\Desktop\学习\python\server\core\views.py:94] 【fei】进入了聊天室
2024-12-30 17:08:33 MainThread:22728 [server] INFO [D:\Desktop\学习\python\server\lib\common.py:349] 【fei】离开了聊天室
2024-12-30 17:32:49 MainThread:30204 [server] INFO [D:\Desktop\学习\python\server\core\views.py:58] 【anlong】进入了聊天室
2024-12-30 17:32:58 MainThread:30344 [server] INFO [D:\Desktop\学习\python\server\core\views.py:58] 【fei】进入了聊天室
2024-12-30 17:33:12 MainThread:30204 [server] INFO [D:\Desktop\学习\python\server\core\views.py:118] anlong说：你好
2024-12-30 17:33:20 MainThread:30344 [server] INFO [D:\Desktop\学习\python\server\lib\common.py:350] 【fei】离开了聊天室
2024-12-30 17:33:20 MainThread:30204 [server] INFO [D:\Desktop\学习\python\server\core\views.py:94] 【fei】进入了聊天室
2024-12-30 17:33:20 MainThread:30204 [server] INFO [D:\Desktop\学习\python\server\lib\common.py:350] 【fei】离开了聊天室
2024-12-30 17:33:22 MainThread:30204 [server] INFO [D:\Desktop\学习\python\server\lib\common.py:350] 【anlong】离开了聊天室
2024-12-30 17:33:22 MainThread:30344 [server] INFO [D:\Desktop\学习\python\server\core\views.py:94] 【anlong】进入了聊天室
2024-12-30 17:33:23 MainThread:30344 [server] INFO [D:\Desktop\学习\python\server\lib\common.py:350] 【anlong】离开了聊天室
2024-12-30 17:37:35 MainThread:33836 [server] INFO [D:\Desktop\学习\python\server\core\views.py:58] 【anlong】进入了聊天室
2024-12-30 17:37:44 MainThread:19620 [server] INFO [D:\Desktop\学习\python\server\core\views.py:58] 【fei】进入了聊天室
2024-12-30 17:37:59 MainThread:33836 [server] INFO [D:\Desktop\学习\python\server\core\views.py:118] anlong说：你好
2024-12-30 17:38:01 MainThread:33836 [server] INFO [D:\Desktop\学习\python\server\core\views.py:118] anlong说：你好
2024-12-30 17:38:04 MainThread:33836 [server] INFO [D:\Desktop\学习\python\server\core\views.py:118] anlong说：你好
2024-12-30 17:38:14 MainThread:19620 [server] INFO [D:\Desktop\学习\python\server\core\views.py:118] fei说：我真的好吗？
2024-12-30 17:38:20 MainThread:19620 [server] INFO [D:\Desktop\学习\python\server\core\views.py:118] fei说：我真的好
2024-12-30 17:38:29 MainThread:19620 [server] INFO [D:\Desktop\学习\python\server\core\views.py:118] fei说：我是真的真的好
2024-12-30 17:38:42 MainThread:19620 [server] INFO [D:\Desktop\学习\python\server\core\views.py:118] fei说：哦哦
2024-12-30 17:38:47 MainThread:19620 [server] INFO [D:\Desktop\学习\python\server\core\views.py:118] fei说：exit
2024-12-30 17:38:53 MainThread:33836 [server] INFO [D:\Desktop\学习\python\server\core\views.py:118] anlong说：这是对的
2024-12-30 17:39:09 MainThread:19620 [server] INFO [D:\Desktop\学习\python\server\core\views.py:118] fei说：这也是对的
2024-12-30 17:39:14 MainThread:19620 [server] INFO [D:\Desktop\学习\python\server\lib\common.py:350] 【fei】离开了聊天室
2024-12-30 17:39:14 MainThread:33836 [server] INFO [D:\Desktop\学习\python\server\core\views.py:94] 【fei】进入了聊天室
2024-12-30 17:39:14 MainThread:33836 [server] INFO [D:\Desktop\学习\python\server\lib\common.py:350] 【fei】离开了聊天室
2024-12-30 17:39:16 MainThread:33836 [server] INFO [D:\Desktop\学习\python\server\lib\common.py:350] 【anlong】离开了聊天室
2024-12-30 17:39:16 MainThread:19620 [server] INFO [D:\Desktop\学习\python\server\core\views.py:94] 【anlong】进入了聊天室
2024-12-30 17:39:16 MainThread:19620 [server] INFO [D:\Desktop\学习\python\server\lib\common.py:350] 【anlong】离开了聊天室
2024-12-30 17:39:19 MainThread:33836 [server] INFO [D:\Desktop\学习\python\server\core\views.py:58] 【anlong】进入了聊天室
2024-12-30 17:39:33 MainThread:19620 [server] INFO [D:\Desktop\学习\python\server\core\views.py:58] 【fei】进入了聊天室
2024-12-30 17:39:48 MainThread:19620 [server] INFO [D:\Desktop\学习\python\server\core\views.py:118] fei说：你是真的强
2024-12-30 17:39:53 MainThread:33836 [server] INFO [D:\Desktop\学习\python\server\lib\common.py:350] 【anlong】离开了聊天室
2024-12-30 17:39:53 MainThread:33836 [server] INFO [D:\Desktop\学习\python\server\core\views.py:94] 【anlong】进入了聊天室
2024-12-30 17:39:53 MainThread:33836 [server] INFO [D:\Desktop\学习\python\server\lib\common.py:350] 【anlong】离开了聊天室
2024-12-30 17:39:55 MainThread:19620 [server] INFO [D:\Desktop\学习\python\server\lib\common.py:350] 【fei】离开了聊天室
2024-12-30 17:39:55 MainThread:19620 [server] INFO [D:\Desktop\学习\python\server\core\views.py:94] 【fei】进入了聊天室
2024-12-30 17:39:55 MainThread:19620 [server] INFO [D:\Desktop\学习\python\server\lib\common.py:350] 【fei】离开了聊天室
